0 info it worked if it ends with ok
1 verbose cli [ 'node', '/usr/local/bin/npm', 'publish' ]
2 info using npm@1.2.17
3 info using node@v0.10.3
4 verbose publish [ '.' ]
5 verbose read json /Users/11rcombs/Code/node-PLM/package.json
6 error Failed to parse json
6 error Unexpected string
7 error File: /Users/11rcombs/Code/node-PLM/package.json
8 error Failed to parse package.json data.
8 error package.json must be actual JSON, not just JavaScript.
8 error
8 error This is not a bug in npm.
8 error Tell the package author to fix their package.json file. JSON.parse
9 error System Darwin 12.3.0
10 error command "node" "/usr/local/bin/npm" "publish"
11 error cwd /Users/11rcombs/Code/node-PLM
12 error node -v v0.10.3
13 error npm -v 1.2.17
14 error file /Users/11rcombs/Code/node-PLM/package.json
15 error code EJSONPARSE
16 verbose exit [ 1, true ]
